<?xml version="1.0" encoding="UTF-8"?>
<coverage generated="1564037091308" clover="3.2.0">
  <project timestamp="1564037091308" name="All files">
    <metrics statements="97" coveredstatements="89" conditionals="26" coveredconditionals="20" methods="21" coveredmethods="20" elements="144" coveredelements="129" complexity="0" loc="97" ncloc="97" packages="1" files="1" classes="1"/>
    <file name="index.js" path="/home/ryan/Programming/perlin/use-wavelet/src/index.js">
      <metrics statements="97" coveredstatements="89" conditionals="26" coveredconditionals="20" methods="21" coveredmethods="20"/>
      <line num="10" count="1" type="stmt"/>
      <line num="11" count="6" type="stmt"/>
      <line num="12" count="6" type="stmt"/>
      <line num="13" count="6" type="stmt"/>
      <line num="15" count="6" type="stmt"/>
      <line num="16" count="2" type="stmt"/>
      <line num="17" count="2" type="stmt"/>
      <line num="18" count="2" type="stmt"/>
      <line num="19" count="2" type="stmt"/>
      <line num="20" count="1" type="stmt"/>
      <line num="21" count="1" type="stmt"/>
      <line num="23" count="1" type="stmt"/>
      <line num="24" count="1" type="stmt"/>
      <line num="25" count="1" type="stmt"/>
      <line num="28" count="2" type="cond" truecount="1" falsecount="1"/>
      <line num="29" count="2" type="stmt"/>
      <line num="35" count="6" type="stmt"/>
      <line num="45" count="1" type="stmt"/>
      <line num="46" count="119" type="stmt"/>
      <line num="47" count="119" type="stmt"/>
      <line num="48" count="119" type="stmt"/>
      <line num="50" count="119" type="stmt"/>
      <line num="51" count="119" type="stmt"/>
      <line num="52" count="2" type="stmt"/>
      <line num="55" count="119" type="stmt"/>
      <line num="56" count="119" type="stmt"/>
      <line num="57" count="2" type="stmt"/>
      <line num="60" count="119" type="stmt"/>
      <line num="61" count="118" type="stmt"/>
      <line num="62" count="233" type="stmt"/>
      <line num="63" count="233" type="cond" truecount="1" falsecount="1"/>
      <line num="64" count="0" type="stmt"/>
      <line num="66" count="233" type="stmt"/>
      <line num="69" count="118" type="stmt"/>
      <line num="70" count="118" type="stmt"/>
      <line num="71" count="118" type="stmt"/>
      <line num="72" count="1" type="stmt"/>
      <line num="73" count="1" type="stmt"/>
      <line num="75" count="1" type="stmt"/>
      <line num="79" count="0" type="cond" truecount="0" falsecount="2"/>
      <line num="81" count="0" type="stmt"/>
      <line num="85" count="0" type="stmt"/>
      <line num="88" count="0" type="stmt"/>
      <line num="96" count="1" type="stmt"/>
      <line num="98" count="117" type="stmt"/>
      <line num="100" count="117" type="stmt"/>
      <line num="104" count="118" type="cond" truecount="3" falsecount="1"/>
      <line num="105" count="118" type="stmt"/>
      <line num="107" count="0" type="stmt"/>
      <line num="109" count="118" type="stmt"/>
      <line num="112" count="119" type="stmt"/>
      <line num="131" count="1" type="stmt"/>
      <line num="132" count="35" type="stmt"/>
      <line num="133" count="35" type="stmt"/>
      <line num="134" count="35" type="stmt"/>
      <line num="136" count="35" type="stmt"/>
      <line num="137" count="35" type="stmt"/>
      <line num="138" count="13" type="stmt"/>
      <line num="141" count="35" type="stmt"/>
      <line num="142" count="21" type="stmt"/>
      <line num="143" count="27" type="cond" truecount="2" falsecount="0"/>
      <line num="144" count="1" type="stmt"/>
      <line num="146" count="27" type="stmt"/>
      <line num="147" count="27" type="stmt"/>
      <line num="150" count="21" type="stmt"/>
      <line num="151" count="20" type="stmt"/>
      <line num="152" count="20" type="stmt"/>
      <line num="154" count="20" type="stmt"/>
      <line num="155" count="16" type="stmt"/>
      <line num="157" count="15" type="stmt"/>
      <line num="158" count="15" type="stmt"/>
      <line num="160" count="5" type="stmt"/>
      <line num="161" count="5" type="stmt"/>
      <line num="165" count="21" type="cond" truecount="2" falsecount="0"/>
      <line num="166" count="1" type="stmt"/>
      <line num="168" count="20" type="stmt"/>
      <line num="170" count="21" type="stmt"/>
      <line num="173" count="35" type="stmt"/>
      <line num="174" count="18" type="cond" truecount="3" falsecount="0"/>
      <line num="177" count="35" type="stmt"/>
      <line num="178" count="25" type="stmt"/>
      <line num="179" count="25" type="cond" truecount="5" falsecount="0"/>
      <line num="180" count="3" type="stmt"/>
      <line num="181" count="3" type="stmt"/>
      <line num="185" count="1" type="cond" truecount="1" falsecount="1"/>
      <line num="186" count="0" type="stmt"/>
      <line num="189" count="1" type="stmt"/>
      <line num="190" count="1" type="stmt"/>
      <line num="191" count="1" type="stmt"/>
      <line num="197" count="0" type="stmt"/>
      <line num="200" count="25" type="stmt"/>
      <line num="201" count="25" type="stmt"/>
      <line num="202" count="25" type="cond" truecount="2" falsecount="0"/>
      <line num="203" count="2" type="stmt"/>
      <line num="205" count="25" type="stmt"/>
      <line num="206" count="25" type="stmt"/>
      <line num="210" count="35" type="stmt"/>
    </file>
  </project>
</coverage>
