<?xml version="1.0" encoding="UTF-8"?>
<coverage generated="1563761754962" clover="3.2.0">
  <project timestamp="1563761754962" name="All files">
    <metrics statements="89" coveredstatements="72" conditionals="23" coveredconditionals="13" methods="20" coveredmethods="17" elements="132" coveredelements="102" complexity="0" loc="89" ncloc="89" packages="1" files="1" classes="1"/>
    <file name="index.js" path="/home/ryan/Programming/perlin/use-wavelet/src/index.js">
      <metrics statements="89" coveredstatements="72" conditionals="23" coveredconditionals="13" methods="20" coveredmethods="17"/>
      <line num="12" count="1" type="stmt"/>
      <line num="13" count="6" type="stmt"/>
      <line num="14" count="6" type="stmt"/>
      <line num="15" count="6" type="stmt"/>
      <line num="17" count="6" type="stmt"/>
      <line num="18" count="2" type="stmt"/>
      <line num="19" count="2" type="stmt"/>
      <line num="20" count="2" type="stmt"/>
      <line num="21" count="2" type="stmt"/>
      <line num="22" count="1" type="stmt"/>
      <line num="23" count="1" type="stmt"/>
      <line num="25" count="1" type="stmt"/>
      <line num="26" count="1" type="stmt"/>
      <line num="27" count="1" type="stmt"/>
      <line num="30" count="2" type="cond" truecount="1" falsecount="1"/>
      <line num="31" count="2" type="stmt"/>
      <line num="37" count="6" type="stmt"/>
      <line num="47" count="1" type="stmt"/>
      <line num="48" count="604" type="stmt"/>
      <line num="49" count="604" type="stmt"/>
      <line num="50" count="604" type="stmt"/>
      <line num="52" count="604" type="stmt"/>
      <line num="53" count="604" type="stmt"/>
      <line num="54" count="1" type="stmt"/>
      <line num="57" count="604" type="stmt"/>
      <line num="58" count="604" type="stmt"/>
      <line num="59" count="1" type="stmt"/>
      <line num="62" count="604" type="stmt"/>
      <line num="63" count="603" type="stmt"/>
      <line num="64" count="603" type="stmt"/>
      <line num="65" count="603" type="cond" truecount="1" falsecount="1"/>
      <line num="66" count="0" type="stmt"/>
      <line num="68" count="603" type="stmt"/>
      <line num="71" count="603" type="stmt"/>
      <line num="72" count="603" type="stmt"/>
      <line num="73" count="603" type="stmt"/>
      <line num="74" count="0" type="stmt"/>
      <line num="75" count="0" type="stmt"/>
      <line num="77" count="0" type="stmt"/>
      <line num="81" count="0" type="cond" truecount="0" falsecount="2"/>
      <line num="83" count="0" type="stmt"/>
      <line num="87" count="0" type="stmt"/>
      <line num="90" count="0" type="stmt"/>
      <line num="98" count="0" type="stmt"/>
      <line num="100" count="603" type="stmt"/>
      <line num="102" count="603" type="stmt"/>
      <line num="106" count="603" type="cond" truecount="3" falsecount="1"/>
      <line num="107" count="603" type="stmt"/>
      <line num="109" count="0" type="stmt"/>
      <line num="113" count="604" type="stmt"/>
      <line num="123" count="1" type="stmt"/>
      <line num="124" count="279" type="stmt"/>
      <line num="125" count="279" type="stmt"/>
      <line num="126" count="279" type="stmt"/>
      <line num="128" count="279" type="stmt"/>
      <line num="129" count="279" type="stmt"/>
      <line num="130" count="3" type="stmt"/>
      <line num="133" count="279" type="stmt"/>
      <line num="134" count="143" type="stmt"/>
      <line num="135" count="43" type="cond" truecount="1" falsecount="1"/>
      <line num="136" count="0" type="stmt"/>
      <line num="138" count="43" type="stmt"/>
      <line num="139" count="43" type="stmt"/>
      <line num="142" count="143" type="stmt"/>
      <line num="143" count="143" type="stmt"/>
      <line num="144" count="143" type="stmt"/>
      <line num="146" count="143" type="stmt"/>
      <line num="147" count="143" type="stmt"/>
      <line num="150" count="95" type="stmt"/>
      <line num="151" count="95" type="stmt"/>
      <line num="152" count="95" type="stmt"/>
      <line num="154" count="43" type="stmt"/>
      <line num="155" count="43" type="stmt"/>
      <line num="158" count="143" type="cond" truecount="1" falsecount="1"/>
      <line num="159" count="0" type="stmt"/>
      <line num="161" count="143" type="stmt"/>
      <line num="165" count="279" type="stmt"/>
      <line num="166" count="98" type="cond" truecount="1" falsecount="1"/>
      <line num="169" count="279" type="stmt"/>
      <line num="170" count="143" type="stmt"/>
      <line num="171" count="143" type="cond" truecount="5" falsecount="0"/>
      <line num="172" count="20" type="stmt"/>
      <line num="176" count="0" type="cond" truecount="0" falsecount="2"/>
      <line num="177" count="0" type="stmt"/>
      <line num="180" count="0" type="stmt"/>
      <line num="181" count="0" type="stmt"/>
      <line num="182" count="0" type="stmt"/>
      <line num="188" count="143" type="stmt"/>
      <line num="191" count="279" type="stmt"/>
    </file>
  </project>
</coverage>
