{"/home/ryan/Programming/perlin/use-wavelet/src/index.js": {"path":"/home/ryan/Programming/perlin/use-wavelet/src/index.js","statementMap":{"0":{"start":{"line":12,"column":26},"end":{"line":38,"column":1}},"1":{"start":{"line":13,"column":30},"end":{"line":13,"column":55}},"2":{"start":{"line":14,"column":30},"end":{"line":14,"column":55}},"3":{"start":{"line":15,"column":28},"end":{"line":15,"column":53}},"4":{"start":{"line":17,"column":2},"end":{"line":33,"column":13}},"5":{"start":{"line":18,"column":20},"end":{"line":29,"column":5}},"6":{"start":{"line":19,"column":6},"end":{"line":28,"column":7}},"7":{"start":{"line":20,"column":26},"end":{"line":20,"column":43}},"8":{"start":{"line":21,"column":8},"end":{"line":21,"column":51}},"9":{"start":{"line":22,"column":8},"end":{"line":22,"column":29}},"10":{"start":{"line":23,"column":8},"end":{"line":23,"column":28}},"11":{"start":{"line":25,"column":8},"end":{"line":25,"column":31}},"12":{"start":{"line":26,"column":8},"end":{"line":26,"column":29}},"13":{"start":{"line":27,"column":8},"end":{"line":27,"column":20}},"14":{"start":{"line":30,"column":4},"end":{"line":32,"column":5}},"15":{"start":{"line":31,"column":6},"end":{"line":31,"column":16}},"16":{"start":{"line":37,"column":2},"end":{"line":37,"column":31}},"17":{"start":{"line":47,"column":26},"end":{"line":114,"column":1}},"18":{"start":{"line":48,"column":32},"end":{"line":48,"column":57}},"19":{"start":{"line":49,"column":28},"end":{"line":49,"column":53}},"20":{"start":{"line":50,"column":44},"end":{"line":50,"column":69}},"21":{"start":{"line":52,"column":21},"end":{"line":52,"column":42}},"22":{"start":{"line":53,"column":2},"end":{"line":55,"column":16}},"23":{"start":{"line":54,"column":4},"end":{"line":54,"column":33}},"24":{"start":{"line":57,"column":27},"end":{"line":57,"column":54}},"25":{"start":{"line":58,"column":2},"end":{"line":60,"column":22}},"26":{"start":{"line":59,"column":4},"end":{"line":59,"column":45}},"27":{"start":{"line":62,"column":2},"end":{"line":111,"column":27}},"28":{"start":{"line":63,"column":18},"end":{"line":69,"column":5}},"29":{"start":{"line":64,"column":6},"end":{"line":64,"column":28}},"30":{"start":{"line":65,"column":6},"end":{"line":67,"column":7}},"31":{"start":{"line":66,"column":8},"end":{"line":66,"column":75}},"32":{"start":{"line":68,"column":6},"end":{"line":68,"column":34}},"33":{"start":{"line":71,"column":20},"end":{"line":104,"column":5}},"34":{"start":{"line":72,"column":6},"end":{"line":103,"column":7}},"35":{"start":{"line":73,"column":23},"end":{"line":73,"column":67}},"36":{"start":{"line":74,"column":30},"end":{"line":74,"column":75}},"37":{"start":{"line":75,"column":8},"end":{"line":75,"column":59}},"38":{"start":{"line":77,"column":8},"end":{"line":97,"column":10}},"39":{"start":{"line":81,"column":16},"end":{"line":92,"column":17}},"40":{"start":{"line":83,"column":20},"end":{"line":86,"column":23}},"41":{"start":{"line":87,"column":20},"end":{"line":87,"column":26}},"42":{"start":{"line":90,"column":20},"end":{"line":90,"column":26}},"43":{"start":{"line":98,"column":8},"end":{"line":98,"column":28}},"44":{"start":{"line":100,"column":8},"end":{"line":100,"column":16}},"45":{"start":{"line":102,"column":8},"end":{"line":102,"column":24}},"46":{"start":{"line":106,"column":4},"end":{"line":110,"column":5}},"47":{"start":{"line":107,"column":6},"end":{"line":107,"column":16}},"48":{"start":{"line":109,"column":6},"end":{"line":109,"column":14}},"49":{"start":{"line":113,"column":2},"end":{"line":113,"column":26}},"50":{"start":{"line":123,"column":27},"end":{"line":192,"column":1}},"51":{"start":{"line":124,"column":34},"end":{"line":124,"column":54}},"52":{"start":{"line":125,"column":48},"end":{"line":125,"column":68}},"53":{"start":{"line":126,"column":28},"end":{"line":126,"column":53}},"54":{"start":{"line":128,"column":29},"end":{"line":128,"column":58}},"55":{"start":{"line":129,"column":2},"end":{"line":131,"column":24}},"56":{"start":{"line":130,"column":4},"end":{"line":130,"column":49}},"57":{"start":{"line":133,"column":2},"end":{"line":163,"column":32}},"58":{"start":{"line":134,"column":18},"end":{"line":140,"column":5}},"59":{"start":{"line":135,"column":6},"end":{"line":137,"column":7}},"60":{"start":{"line":136,"column":8},"end":{"line":136,"column":74}},"61":{"start":{"line":138,"column":6},"end":{"line":138,"column":36}},"62":{"start":{"line":139,"column":6},"end":{"line":139,"column":29}},"63":{"start":{"line":142,"column":17},"end":{"line":157,"column":5}},"64":{"start":{"line":143,"column":6},"end":{"line":156,"column":7}},"65":{"start":{"line":144,"column":28},"end":{"line":144,"column":65}},"66":{"start":{"line":146,"column":8},"end":{"line":146,"column":32}},"67":{"start":{"line":147,"column":8},"end":{"line":147,"column":33}},"68":{"start":{"line":150,"column":8},"end":{"line":150,"column":33}},"69":{"start":{"line":151,"column":8},"end":{"line":151,"column":33}},"70":{"start":{"line":152,"column":8},"end":{"line":152,"column":28}},"71":{"start":{"line":154,"column":8},"end":{"line":154,"column":16}},"72":{"start":{"line":155,"column":8},"end":{"line":155,"column":20}},"73":{"start":{"line":158,"column":4},"end":{"line":162,"column":5}},"74":{"start":{"line":159,"column":6},"end":{"line":159,"column":14}},"75":{"start":{"line":161,"column":7},"end":{"line":161,"column":14}},"76":{"start":{"line":165,"column":2},"end":{"line":167,"column":25}},"77":{"start":{"line":166,"column":4},"end":{"line":166,"column":31}},"78":{"start":{"line":169,"column":2},"end":{"line":189,"column":35}},"79":{"start":{"line":170,"column":19},"end":{"line":187,"column":5}},"80":{"start":{"line":171,"column":6},"end":{"line":171,"column":52}},"81":{"start":{"line":171,"column":45},"end":{"line":171,"column":52}},"82":{"start":{"line":172,"column":6},"end":{"line":186,"column":8}},"83":{"start":{"line":176,"column":12},"end":{"line":178,"column":13}},"84":{"start":{"line":177,"column":14},"end":{"line":177,"column":21}},"85":{"start":{"line":180,"column":12},"end":{"line":183,"column":17}},"86":{"start":{"line":181,"column":14},"end":{"line":181,"column":59}},"87":{"start":{"line":182,"column":14},"end":{"line":182,"column":33}},"88":{"start":{"line":188,"column":4},"end":{"line":188,"column":13}},"89":{"start":{"line":191,"column":2},"end":{"line":191,"column":27}}},"fnMap":{"0":{"name":"(anonymous_0)","decl":{"start":{"line":12,"column":26},"end":{"line":12,"column":27}},"loc":{"start":{"line":12,"column":34},"end":{"line":38,"column":1}},"line":12},"1":{"name":"(anonymous_1)","decl":{"start":{"line":17,"column":18},"end":{"line":17,"column":19}},"loc":{"start":{"line":17,"column":24},"end":{"line":33,"column":3}},"line":17},"2":{"name":"(anonymous_2)","decl":{"start":{"line":18,"column":20},"end":{"line":18,"column":21}},"loc":{"start":{"line":18,"column":32},"end":{"line":29,"column":5}},"line":18},"3":{"name":"(anonymous_3)","decl":{"start":{"line":47,"column":26},"end":{"line":47,"column":27}},"loc":{"start":{"line":47,"column":50},"end":{"line":114,"column":1}},"line":47},"4":{"name":"(anonymous_4)","decl":{"start":{"line":53,"column":18},"end":{"line":53,"column":19}},"loc":{"start":{"line":53,"column":24},"end":{"line":55,"column":3}},"line":53},"5":{"name":"(anonymous_5)","decl":{"start":{"line":58,"column":18},"end":{"line":58,"column":19}},"loc":{"start":{"line":58,"column":24},"end":{"line":60,"column":3}},"line":58},"6":{"name":"(anonymous_6)","decl":{"start":{"line":62,"column":18},"end":{"line":62,"column":19}},"loc":{"start":{"line":62,"column":24},"end":{"line":111,"column":3}},"line":62},"7":{"name":"(anonymous_7)","decl":{"start":{"line":63,"column":18},"end":{"line":63,"column":19}},"loc":{"start":{"line":63,"column":24},"end":{"line":69,"column":5}},"line":63},"8":{"name":"(anonymous_8)","decl":{"start":{"line":71,"column":20},"end":{"line":71,"column":21}},"loc":{"start":{"line":71,"column":32},"end":{"line":104,"column":5}},"line":71},"9":{"name":"(anonymous_9)","decl":{"start":{"line":80,"column":32},"end":{"line":80,"column":33}},"loc":{"start":{"line":80,"column":39},"end":{"line":93,"column":15}},"line":80},"10":{"name":"(anonymous_10)","decl":{"start":{"line":123,"column":27},"end":{"line":123,"column":28}},"loc":{"start":{"line":123,"column":74},"end":{"line":192,"column":1}},"line":123},"11":{"name":"(anonymous_11)","decl":{"start":{"line":129,"column":18},"end":{"line":129,"column":19}},"loc":{"start":{"line":129,"column":24},"end":{"line":131,"column":3}},"line":129},"12":{"name":"(anonymous_12)","decl":{"start":{"line":133,"column":18},"end":{"line":133,"column":19}},"loc":{"start":{"line":133,"column":24},"end":{"line":163,"column":3}},"line":133},"13":{"name":"(anonymous_13)","decl":{"start":{"line":134,"column":18},"end":{"line":134,"column":19}},"loc":{"start":{"line":134,"column":24},"end":{"line":140,"column":5}},"line":134},"14":{"name":"(anonymous_14)","decl":{"start":{"line":142,"column":17},"end":{"line":142,"column":18}},"loc":{"start":{"line":142,"column":29},"end":{"line":157,"column":5}},"line":142},"15":{"name":"(anonymous_15)","decl":{"start":{"line":165,"column":18},"end":{"line":165,"column":19}},"loc":{"start":{"line":165,"column":24},"end":{"line":167,"column":3}},"line":165},"16":{"name":"(anonymous_16)","decl":{"start":{"line":169,"column":18},"end":{"line":169,"column":19}},"loc":{"start":{"line":169,"column":24},"end":{"line":189,"column":3}},"line":169},"17":{"name":"(anonymous_17)","decl":{"start":{"line":170,"column":19},"end":{"line":170,"column":20}},"loc":{"start":{"line":170,"column":31},"end":{"line":187,"column":5}},"line":170},"18":{"name":"(anonymous_18)","decl":{"start":{"line":175,"column":24},"end":{"line":175,"column":25}},"loc":{"start":{"line":175,"column":29},"end":{"line":184,"column":11}},"line":175},"19":{"name":"(anonymous_19)","decl":{"start":{"line":180,"column":13},"end":{"line":180,"column":14}},"loc":{"start":{"line":180,"column":25},"end":{"line":183,"column":13}},"line":180}},"branchMap":{"0":{"loc":{"start":{"line":30,"column":4},"end":{"line":32,"column":5}},"type":"if","locations":[{"start":{"line":30,"column":4},"end":{"line":32,"column":5}},{"start":{"line":30,"column":4},"end":{"line":32,"column":5}}],"line":30},"1":{"loc":{"start":{"line":65,"column":6},"end":{"line":67,"column":7}},"type":"if","locations":[{"start":{"line":65,"column":6},"end":{"line":67,"column":7}},{"start":{"line":65,"column":6},"end":{"line":67,"column":7}}],"line":65},"2":{"loc":{"start":{"line":81,"column":16},"end":{"line":92,"column":17}},"type":"switch","locations":[{"start":{"line":82,"column":18},"end":{"line":88,"column":19}},{"start":{"line":89,"column":18},"end":{"line":91,"column":19}}],"line":81},"3":{"loc":{"start":{"line":106,"column":4},"end":{"line":110,"column":5}},"type":"if","locations":[{"start":{"line":106,"column":4},"end":{"line":110,"column":5}},{"start":{"line":106,"column":4},"end":{"line":110,"column":5}}],"line":106},"4":{"loc":{"start":{"line":106,"column":8},"end":{"line":106,"column":28}},"type":"binary-expr","locations":[{"start":{"line":106,"column":8},"end":{"line":106,"column":18}},{"start":{"line":106,"column":22},"end":{"line":106,"column":28}}],"line":106},"5":{"loc":{"start":{"line":135,"column":6},"end":{"line":137,"column":7}},"type":"if","locations":[{"start":{"line":135,"column":6},"end":{"line":137,"column":7}},{"start":{"line":135,"column":6},"end":{"line":137,"column":7}}],"line":135},"6":{"loc":{"start":{"line":158,"column":4},"end":{"line":162,"column":5}},"type":"if","locations":[{"start":{"line":158,"column":4},"end":{"line":162,"column":5}},{"start":{"line":158,"column":4},"end":{"line":162,"column":5}}],"line":158},"7":{"loc":{"start":{"line":166,"column":4},"end":{"line":166,"column":30}},"type":"binary-expr","locations":[{"start":{"line":166,"column":4},"end":{"line":166,"column":10}},{"start":{"line":166,"column":14},"end":{"line":166,"column":30}}],"line":166},"8":{"loc":{"start":{"line":171,"column":6},"end":{"line":171,"column":52}},"type":"if","locations":[{"start":{"line":171,"column":6},"end":{"line":171,"column":52}},{"start":{"line":171,"column":6},"end":{"line":171,"column":52}}],"line":171},"9":{"loc":{"start":{"line":171,"column":10},"end":{"line":171,"column":43}},"type":"binary-expr","locations":[{"start":{"line":171,"column":10},"end":{"line":171,"column":17}},{"start":{"line":171,"column":21},"end":{"line":171,"column":30}},{"start":{"line":171,"column":34},"end":{"line":171,"column":43}}],"line":171},"10":{"loc":{"start":{"line":176,"column":12},"end":{"line":178,"column":13}},"type":"if","locations":[{"start":{"line":176,"column":12},"end":{"line":178,"column":13}},{"start":{"line":176,"column":12},"end":{"line":178,"column":13}}],"line":176}},"s":{"0":1,"1":6,"2":6,"3":6,"4":6,"5":2,"6":2,"7":2,"8":2,"9":1,"10":1,"11":1,"12":1,"13":1,"14":2,"15":2,"16":6,"17":1,"18":604,"19":604,"20":604,"21":604,"22":604,"23":1,"24":604,"25":604,"26":1,"27":604,"28":603,"29":603,"30":603,"31":0,"32":603,"33":603,"34":603,"35":603,"36":0,"37":0,"38":0,"39":0,"40":0,"41":0,"42":0,"43":0,"44":603,"45":603,"46":603,"47":603,"48":0,"49":604,"50":1,"51":279,"52":279,"53":279,"54":279,"55":279,"56":3,"57":279,"58":143,"59":43,"60":0,"61":43,"62":43,"63":143,"64":143,"65":143,"66":143,"67":143,"68":95,"69":95,"70":95,"71":43,"72":43,"73":143,"74":0,"75":143,"76":279,"77":98,"78":279,"79":143,"80":143,"81":123,"82":20,"83":0,"84":0,"85":0,"86":0,"87":0,"88":143,"89":279},"f":{"0":6,"1":2,"2":2,"3":604,"4":1,"5":1,"6":603,"7":603,"8":603,"9":0,"10":279,"11":3,"12":143,"13":43,"14":143,"15":98,"16":143,"17":143,"18":0,"19":0},"b":{"0":[2,0],"1":[0,603],"2":[0,0],"3":[603,0],"4":[603,603],"5":[0,43],"6":[0,143],"7":[98,0],"8":[123,20],"9":[143,143,96],"10":[0,0]},"_coverageSchema":"43e27e138ebf9cfc5966b082cf9a028302ed4184","hash":"3c2287d46f4c48d92e4e0331faec5601195eb4df"}
}
