{"/home/ryan/Programming/perlin/use-wavelet/src/index.js": {"path":"/home/ryan/Programming/perlin/use-wavelet/src/index.js","statementMap":{"0":{"start":{"line":10,"column":26},"end":{"line":36,"column":1}},"1":{"start":{"line":11,"column":30},"end":{"line":11,"column":55}},"2":{"start":{"line":12,"column":30},"end":{"line":12,"column":55}},"3":{"start":{"line":13,"column":28},"end":{"line":13,"column":53}},"4":{"start":{"line":15,"column":2},"end":{"line":31,"column":13}},"5":{"start":{"line":16,"column":20},"end":{"line":27,"column":5}},"6":{"start":{"line":17,"column":6},"end":{"line":26,"column":7}},"7":{"start":{"line":18,"column":26},"end":{"line":18,"column":43}},"8":{"start":{"line":19,"column":8},"end":{"line":19,"column":51}},"9":{"start":{"line":20,"column":8},"end":{"line":20,"column":29}},"10":{"start":{"line":21,"column":8},"end":{"line":21,"column":28}},"11":{"start":{"line":23,"column":8},"end":{"line":23,"column":31}},"12":{"start":{"line":24,"column":8},"end":{"line":24,"column":29}},"13":{"start":{"line":25,"column":8},"end":{"line":25,"column":20}},"14":{"start":{"line":28,"column":4},"end":{"line":30,"column":5}},"15":{"start":{"line":29,"column":6},"end":{"line":29,"column":16}},"16":{"start":{"line":35,"column":2},"end":{"line":35,"column":31}},"17":{"start":{"line":45,"column":26},"end":{"line":113,"column":1}},"18":{"start":{"line":46,"column":32},"end":{"line":46,"column":57}},"19":{"start":{"line":47,"column":28},"end":{"line":47,"column":53}},"20":{"start":{"line":48,"column":44},"end":{"line":48,"column":69}},"21":{"start":{"line":50,"column":21},"end":{"line":50,"column":42}},"22":{"start":{"line":51,"column":2},"end":{"line":53,"column":16}},"23":{"start":{"line":52,"column":4},"end":{"line":52,"column":33}},"24":{"start":{"line":55,"column":27},"end":{"line":55,"column":54}},"25":{"start":{"line":56,"column":2},"end":{"line":58,"column":22}},"26":{"start":{"line":57,"column":4},"end":{"line":57,"column":45}},"27":{"start":{"line":60,"column":2},"end":{"line":110,"column":27}},"28":{"start":{"line":61,"column":18},"end":{"line":67,"column":5}},"29":{"start":{"line":62,"column":6},"end":{"line":62,"column":28}},"30":{"start":{"line":63,"column":6},"end":{"line":65,"column":7}},"31":{"start":{"line":64,"column":8},"end":{"line":64,"column":75}},"32":{"start":{"line":66,"column":6},"end":{"line":66,"column":34}},"33":{"start":{"line":69,"column":20},"end":{"line":102,"column":5}},"34":{"start":{"line":70,"column":6},"end":{"line":101,"column":7}},"35":{"start":{"line":71,"column":23},"end":{"line":71,"column":67}},"36":{"start":{"line":72,"column":30},"end":{"line":72,"column":75}},"37":{"start":{"line":73,"column":8},"end":{"line":73,"column":59}},"38":{"start":{"line":75,"column":8},"end":{"line":95,"column":10}},"39":{"start":{"line":79,"column":16},"end":{"line":90,"column":17}},"40":{"start":{"line":81,"column":20},"end":{"line":84,"column":23}},"41":{"start":{"line":85,"column":20},"end":{"line":85,"column":26}},"42":{"start":{"line":88,"column":20},"end":{"line":88,"column":26}},"43":{"start":{"line":96,"column":8},"end":{"line":96,"column":28}},"44":{"start":{"line":98,"column":8},"end":{"line":98,"column":16}},"45":{"start":{"line":100,"column":8},"end":{"line":100,"column":24}},"46":{"start":{"line":104,"column":4},"end":{"line":108,"column":5}},"47":{"start":{"line":105,"column":6},"end":{"line":105,"column":16}},"48":{"start":{"line":107,"column":6},"end":{"line":107,"column":14}},"49":{"start":{"line":109,"column":4},"end":{"line":109,"column":17}},"50":{"start":{"line":112,"column":2},"end":{"line":112,"column":26}},"51":{"start":{"line":131,"column":27},"end":{"line":211,"column":1}},"52":{"start":{"line":132,"column":34},"end":{"line":132,"column":54}},"53":{"start":{"line":133,"column":48},"end":{"line":133,"column":68}},"54":{"start":{"line":134,"column":28},"end":{"line":134,"column":53}},"55":{"start":{"line":136,"column":29},"end":{"line":136,"column":58}},"56":{"start":{"line":137,"column":2},"end":{"line":139,"column":24}},"57":{"start":{"line":138,"column":4},"end":{"line":138,"column":49}},"58":{"start":{"line":141,"column":2},"end":{"line":171,"column":32}},"59":{"start":{"line":142,"column":18},"end":{"line":148,"column":5}},"60":{"start":{"line":143,"column":6},"end":{"line":145,"column":7}},"61":{"start":{"line":144,"column":8},"end":{"line":144,"column":74}},"62":{"start":{"line":146,"column":6},"end":{"line":146,"column":36}},"63":{"start":{"line":147,"column":6},"end":{"line":147,"column":29}},"64":{"start":{"line":150,"column":17},"end":{"line":163,"column":5}},"65":{"start":{"line":151,"column":6},"end":{"line":162,"column":7}},"66":{"start":{"line":152,"column":28},"end":{"line":152,"column":65}},"67":{"start":{"line":154,"column":8},"end":{"line":154,"column":33}},"68":{"start":{"line":155,"column":8},"end":{"line":155,"column":56}},"69":{"start":{"line":157,"column":8},"end":{"line":157,"column":33}},"70":{"start":{"line":158,"column":8},"end":{"line":158,"column":28}},"71":{"start":{"line":160,"column":8},"end":{"line":160,"column":16}},"72":{"start":{"line":161,"column":8},"end":{"line":161,"column":20}},"73":{"start":{"line":165,"column":4},"end":{"line":169,"column":5}},"74":{"start":{"line":166,"column":6},"end":{"line":166,"column":14}},"75":{"start":{"line":168,"column":6},"end":{"line":168,"column":13}},"76":{"start":{"line":170,"column":4},"end":{"line":170,"column":17}},"77":{"start":{"line":173,"column":2},"end":{"line":175,"column":25}},"78":{"start":{"line":174,"column":4},"end":{"line":174,"column":43}},"79":{"start":{"line":177,"column":2},"end":{"line":208,"column":35}},"80":{"start":{"line":178,"column":19},"end":{"line":199,"column":5}},"81":{"start":{"line":179,"column":6},"end":{"line":179,"column":52}},"82":{"start":{"line":179,"column":45},"end":{"line":179,"column":52}},"83":{"start":{"line":180,"column":6},"end":{"line":198,"column":7}},"84":{"start":{"line":181,"column":8},"end":{"line":195,"column":10}},"85":{"start":{"line":185,"column":14},"end":{"line":187,"column":15}},"86":{"start":{"line":186,"column":16},"end":{"line":186,"column":23}},"87":{"start":{"line":189,"column":14},"end":{"line":192,"column":19}},"88":{"start":{"line":190,"column":16},"end":{"line":190,"column":61}},"89":{"start":{"line":191,"column":16},"end":{"line":191,"column":35}},"90":{"start":{"line":197,"column":8},"end":{"line":197,"column":20}},"91":{"start":{"line":200,"column":4},"end":{"line":200,"column":13}},"92":{"start":{"line":201,"column":4},"end":{"line":207,"column":6}},"93":{"start":{"line":202,"column":6},"end":{"line":204,"column":7}},"94":{"start":{"line":203,"column":8},"end":{"line":203,"column":74}},"95":{"start":{"line":205,"column":6},"end":{"line":205,"column":36}},"96":{"start":{"line":206,"column":6},"end":{"line":206,"column":29}},"97":{"start":{"line":210,"column":2},"end":{"line":210,"column":27}}},"fnMap":{"0":{"name":"(anonymous_0)","decl":{"start":{"line":10,"column":26},"end":{"line":10,"column":27}},"loc":{"start":{"line":10,"column":34},"end":{"line":36,"column":1}},"line":10},"1":{"name":"(anonymous_1)","decl":{"start":{"line":15,"column":18},"end":{"line":15,"column":19}},"loc":{"start":{"line":15,"column":24},"end":{"line":31,"column":3}},"line":15},"2":{"name":"(anonymous_2)","decl":{"start":{"line":16,"column":20},"end":{"line":16,"column":21}},"loc":{"start":{"line":16,"column":32},"end":{"line":27,"column":5}},"line":16},"3":{"name":"(anonymous_3)","decl":{"start":{"line":45,"column":26},"end":{"line":45,"column":27}},"loc":{"start":{"line":45,"column":50},"end":{"line":113,"column":1}},"line":45},"4":{"name":"(anonymous_4)","decl":{"start":{"line":51,"column":18},"end":{"line":51,"column":19}},"loc":{"start":{"line":51,"column":24},"end":{"line":53,"column":3}},"line":51},"5":{"name":"(anonymous_5)","decl":{"start":{"line":56,"column":18},"end":{"line":56,"column":19}},"loc":{"start":{"line":56,"column":24},"end":{"line":58,"column":3}},"line":56},"6":{"name":"(anonymous_6)","decl":{"start":{"line":60,"column":18},"end":{"line":60,"column":19}},"loc":{"start":{"line":60,"column":24},"end":{"line":110,"column":3}},"line":60},"7":{"name":"(anonymous_7)","decl":{"start":{"line":61,"column":18},"end":{"line":61,"column":19}},"loc":{"start":{"line":61,"column":24},"end":{"line":67,"column":5}},"line":61},"8":{"name":"(anonymous_8)","decl":{"start":{"line":69,"column":20},"end":{"line":69,"column":21}},"loc":{"start":{"line":69,"column":32},"end":{"line":102,"column":5}},"line":69},"9":{"name":"(anonymous_9)","decl":{"start":{"line":78,"column":32},"end":{"line":78,"column":33}},"loc":{"start":{"line":78,"column":39},"end":{"line":91,"column":15}},"line":78},"10":{"name":"(anonymous_10)","decl":{"start":{"line":131,"column":27},"end":{"line":131,"column":28}},"loc":{"start":{"line":131,"column":74},"end":{"line":211,"column":1}},"line":131},"11":{"name":"(anonymous_11)","decl":{"start":{"line":137,"column":18},"end":{"line":137,"column":19}},"loc":{"start":{"line":137,"column":24},"end":{"line":139,"column":3}},"line":137},"12":{"name":"(anonymous_12)","decl":{"start":{"line":141,"column":18},"end":{"line":141,"column":19}},"loc":{"start":{"line":141,"column":24},"end":{"line":171,"column":3}},"line":141},"13":{"name":"(anonymous_13)","decl":{"start":{"line":142,"column":18},"end":{"line":142,"column":19}},"loc":{"start":{"line":142,"column":24},"end":{"line":148,"column":5}},"line":142},"14":{"name":"(anonymous_14)","decl":{"start":{"line":150,"column":17},"end":{"line":150,"column":18}},"loc":{"start":{"line":150,"column":29},"end":{"line":163,"column":5}},"line":150},"15":{"name":"(anonymous_15)","decl":{"start":{"line":173,"column":18},"end":{"line":173,"column":19}},"loc":{"start":{"line":173,"column":24},"end":{"line":175,"column":3}},"line":173},"16":{"name":"(anonymous_16)","decl":{"start":{"line":177,"column":18},"end":{"line":177,"column":19}},"loc":{"start":{"line":177,"column":24},"end":{"line":208,"column":3}},"line":177},"17":{"name":"(anonymous_17)","decl":{"start":{"line":178,"column":19},"end":{"line":178,"column":20}},"loc":{"start":{"line":178,"column":31},"end":{"line":199,"column":5}},"line":178},"18":{"name":"(anonymous_18)","decl":{"start":{"line":184,"column":26},"end":{"line":184,"column":27}},"loc":{"start":{"line":184,"column":31},"end":{"line":193,"column":13}},"line":184},"19":{"name":"(anonymous_19)","decl":{"start":{"line":189,"column":15},"end":{"line":189,"column":16}},"loc":{"start":{"line":189,"column":27},"end":{"line":192,"column":15}},"line":189},"20":{"name":"(anonymous_20)","decl":{"start":{"line":201,"column":11},"end":{"line":201,"column":12}},"loc":{"start":{"line":201,"column":17},"end":{"line":207,"column":5}},"line":201}},"branchMap":{"0":{"loc":{"start":{"line":28,"column":4},"end":{"line":30,"column":5}},"type":"if","locations":[{"start":{"line":28,"column":4},"end":{"line":30,"column":5}},{"start":{"line":28,"column":4},"end":{"line":30,"column":5}}],"line":28},"1":{"loc":{"start":{"line":63,"column":6},"end":{"line":65,"column":7}},"type":"if","locations":[{"start":{"line":63,"column":6},"end":{"line":65,"column":7}},{"start":{"line":63,"column":6},"end":{"line":65,"column":7}}],"line":63},"2":{"loc":{"start":{"line":79,"column":16},"end":{"line":90,"column":17}},"type":"switch","locations":[{"start":{"line":80,"column":18},"end":{"line":86,"column":19}},{"start":{"line":87,"column":18},"end":{"line":89,"column":19}}],"line":79},"3":{"loc":{"start":{"line":104,"column":4},"end":{"line":108,"column":5}},"type":"if","locations":[{"start":{"line":104,"column":4},"end":{"line":108,"column":5}},{"start":{"line":104,"column":4},"end":{"line":108,"column":5}}],"line":104},"4":{"loc":{"start":{"line":104,"column":8},"end":{"line":104,"column":28}},"type":"binary-expr","locations":[{"start":{"line":104,"column":8},"end":{"line":104,"column":18}},{"start":{"line":104,"column":22},"end":{"line":104,"column":28}}],"line":104},"5":{"loc":{"start":{"line":143,"column":6},"end":{"line":145,"column":7}},"type":"if","locations":[{"start":{"line":143,"column":6},"end":{"line":145,"column":7}},{"start":{"line":143,"column":6},"end":{"line":145,"column":7}}],"line":143},"6":{"loc":{"start":{"line":165,"column":4},"end":{"line":169,"column":5}},"type":"if","locations":[{"start":{"line":165,"column":4},"end":{"line":169,"column":5}},{"start":{"line":165,"column":4},"end":{"line":169,"column":5}}],"line":165},"7":{"loc":{"start":{"line":174,"column":4},"end":{"line":174,"column":42}},"type":"binary-expr","locations":[{"start":{"line":174,"column":4},"end":{"line":174,"column":10}},{"start":{"line":174,"column":14},"end":{"line":174,"column":22}},{"start":{"line":174,"column":26},"end":{"line":174,"column":42}}],"line":174},"8":{"loc":{"start":{"line":179,"column":6},"end":{"line":179,"column":52}},"type":"if","locations":[{"start":{"line":179,"column":6},"end":{"line":179,"column":52}},{"start":{"line":179,"column":6},"end":{"line":179,"column":52}}],"line":179},"9":{"loc":{"start":{"line":179,"column":10},"end":{"line":179,"column":43}},"type":"binary-expr","locations":[{"start":{"line":179,"column":10},"end":{"line":179,"column":17}},{"start":{"line":179,"column":21},"end":{"line":179,"column":30}},{"start":{"line":179,"column":34},"end":{"line":179,"column":43}}],"line":179},"10":{"loc":{"start":{"line":185,"column":14},"end":{"line":187,"column":15}},"type":"if","locations":[{"start":{"line":185,"column":14},"end":{"line":187,"column":15}},{"start":{"line":185,"column":14},"end":{"line":187,"column":15}}],"line":185},"11":{"loc":{"start":{"line":202,"column":6},"end":{"line":204,"column":7}},"type":"if","locations":[{"start":{"line":202,"column":6},"end":{"line":204,"column":7}},{"start":{"line":202,"column":6},"end":{"line":204,"column":7}}],"line":202}},"s":{"0":1,"1":6,"2":6,"3":6,"4":6,"5":2,"6":2,"7":2,"8":2,"9":1,"10":1,"11":1,"12":1,"13":1,"14":2,"15":2,"16":6,"17":1,"18":119,"19":119,"20":119,"21":119,"22":119,"23":2,"24":119,"25":119,"26":2,"27":119,"28":118,"29":233,"30":233,"31":0,"32":233,"33":118,"34":118,"35":118,"36":1,"37":1,"38":1,"39":0,"40":0,"41":0,"42":0,"43":1,"44":117,"45":117,"46":118,"47":118,"48":0,"49":118,"50":119,"51":1,"52":35,"53":35,"54":35,"55":35,"56":35,"57":13,"58":35,"59":21,"60":27,"61":1,"62":27,"63":27,"64":21,"65":20,"66":20,"67":20,"68":16,"69":15,"70":15,"71":5,"72":5,"73":21,"74":1,"75":20,"76":21,"77":35,"78":18,"79":35,"80":25,"81":25,"82":22,"83":3,"84":3,"85":1,"86":0,"87":1,"88":1,"89":1,"90":0,"91":25,"92":25,"93":25,"94":2,"95":25,"96":25,"97":35},"f":{"0":6,"1":2,"2":2,"3":119,"4":2,"5":2,"6":118,"7":233,"8":118,"9":0,"10":35,"11":13,"12":21,"13":27,"14":20,"15":18,"16":25,"17":25,"18":1,"19":1,"20":25},"b":{"0":[2,0],"1":[0,233],"2":[0,0],"3":[118,0],"4":[118,118],"5":[1,26],"6":[1,20],"7":[18,7,3],"8":[22,3],"9":[25,22,6],"10":[0,1],"11":[2,23]},"_coverageSchema":"43e27e138ebf9cfc5966b082cf9a028302ed4184","hash":"cbd2d85a0741c1ddff9ab1322631e0b36dd1d196"}
}
