TN:
SF:/home/ryan/Programming/perlin/use-wavelet/src/index.js
FN:10,(anonymous_0)
FN:15,(anonymous_1)
FN:16,(anonymous_2)
FN:45,(anonymous_3)
FN:51,(anonymous_4)
FN:56,(anonymous_5)
FN:60,(anonymous_6)
FN:61,(anonymous_7)
FN:69,(anonymous_8)
FN:78,(anonymous_9)
FN:131,(anonymous_10)
FN:137,(anonymous_11)
FN:141,(anonymous_12)
FN:142,(anonymous_13)
FN:150,(anonymous_14)
FN:173,(anonymous_15)
FN:177,(anonymous_16)
FN:178,(anonymous_17)
FN:184,(anonymous_18)
FN:189,(anonymous_19)
FN:201,(anonymous_20)
FNF:21
FNH:20
FNDA:6,(anonymous_0)
FNDA:2,(anonymous_1)
FNDA:2,(anonymous_2)
FNDA:119,(anonymous_3)
FNDA:2,(anonymous_4)
FNDA:2,(anonymous_5)
FNDA:118,(anonymous_6)
FNDA:233,(anonymous_7)
FNDA:118,(anonymous_8)
FNDA:0,(anonymous_9)
FNDA:35,(anonymous_10)
FNDA:13,(anonymous_11)
FNDA:21,(anonymous_12)
FNDA:27,(anonymous_13)
FNDA:20,(anonymous_14)
FNDA:18,(anonymous_15)
FNDA:25,(anonymous_16)
FNDA:25,(anonymous_17)
FNDA:1,(anonymous_18)
FNDA:1,(anonymous_19)
FNDA:25,(anonymous_20)
DA:10,1
DA:11,6
DA:12,6
DA:13,6
DA:15,6
DA:16,2
DA:17,2
DA:18,2
DA:19,2
DA:20,1
DA:21,1
DA:23,1
DA:24,1
DA:25,1
DA:28,2
DA:29,2
DA:35,6
DA:45,1
DA:46,119
DA:47,119
DA:48,119
DA:50,119
DA:51,119
DA:52,2
DA:55,119
DA:56,119
DA:57,2
DA:60,119
DA:61,118
DA:62,233
DA:63,233
DA:64,0
DA:66,233
DA:69,118
DA:70,118
DA:71,118
DA:72,1
DA:73,1
DA:75,1
DA:79,0
DA:81,0
DA:85,0
DA:88,0
DA:96,1
DA:98,117
DA:100,117
DA:104,118
DA:105,118
DA:107,0
DA:109,118
DA:112,119
DA:131,1
DA:132,35
DA:133,35
DA:134,35
DA:136,35
DA:137,35
DA:138,13
DA:141,35
DA:142,21
DA:143,27
DA:144,1
DA:146,27
DA:147,27
DA:150,21
DA:151,20
DA:152,20
DA:154,20
DA:155,16
DA:157,15
DA:158,15
DA:160,5
DA:161,5
DA:165,21
DA:166,1
DA:168,20
DA:170,21
DA:173,35
DA:174,18
DA:177,35
DA:178,25
DA:179,25
DA:180,3
DA:181,3
DA:185,1
DA:186,0
DA:189,1
DA:190,1
DA:191,1
DA:197,0
DA:200,25
DA:201,25
DA:202,25
DA:203,2
DA:205,25
DA:206,25
DA:210,35
LF:97
LH:89
BRDA:28,0,0,2
BRDA:28,0,1,0
BRDA:63,1,0,0
BRDA:63,1,1,233
BRDA:79,2,0,0
BRDA:79,2,1,0
BRDA:104,3,0,118
BRDA:104,3,1,0
BRDA:104,4,0,118
BRDA:104,4,1,118
BRDA:143,5,0,1
BRDA:143,5,1,26
BRDA:165,6,0,1
BRDA:165,6,1,20
BRDA:174,7,0,18
BRDA:174,7,1,7
BRDA:174,7,2,3
BRDA:179,8,0,22
BRDA:179,8,1,3
BRDA:179,9,0,25
BRDA:179,9,1,22
BRDA:179,9,2,6
BRDA:185,10,0,0
BRDA:185,10,1,1
BRDA:202,11,0,2
BRDA:202,11,1,23
BRF:26
BRH:20
end_of_record
