TN:
SF:/home/ryan/Programming/perlin/use-wavelet/src/index.js
FN:12,(anonymous_0)
FN:17,(anonymous_1)
FN:18,(anonymous_2)
FN:47,(anonymous_3)
FN:53,(anonymous_4)
FN:58,(anonymous_5)
FN:62,(anonymous_6)
FN:63,(anonymous_7)
FN:71,(anonymous_8)
FN:80,(anonymous_9)
FN:123,(anonymous_10)
FN:129,(anonymous_11)
FN:133,(anonymous_12)
FN:134,(anonymous_13)
FN:142,(anonymous_14)
FN:164,(anonymous_15)
FN:168,(anonymous_16)
FN:169,(anonymous_17)
FN:174,(anonymous_18)
FN:179,(anonymous_19)
FNF:20
FNH:19
FNDA:6,(anonymous_0)
FNDA:2,(anonymous_1)
FNDA:2,(anonymous_2)
FNDA:95,(anonymous_3)
FNDA:2,(anonymous_4)
FNDA:2,(anonymous_5)
FNDA:94,(anonymous_6)
FNDA:93,(anonymous_7)
FNDA:94,(anonymous_8)
FNDA:0,(anonymous_9)
FNDA:23,(anonymous_10)
FNDA:10,(anonymous_11)
FNDA:14,(anonymous_12)
FNDA:6,(anonymous_13)
FNDA:13,(anonymous_14)
FNDA:12,(anonymous_15)
FNDA:18,(anonymous_16)
FNDA:18,(anonymous_17)
FNDA:1,(anonymous_18)
FNDA:1,(anonymous_19)
DA:12,1
DA:13,6
DA:14,6
DA:15,6
DA:17,6
DA:18,2
DA:19,2
DA:20,2
DA:21,2
DA:22,1
DA:23,1
DA:25,1
DA:26,1
DA:27,1
DA:30,2
DA:31,2
DA:37,6
DA:47,1
DA:48,95
DA:49,95
DA:50,95
DA:52,95
DA:53,95
DA:54,2
DA:57,95
DA:58,95
DA:59,2
DA:62,95
DA:63,94
DA:64,93
DA:65,93
DA:66,0
DA:68,93
DA:71,94
DA:72,94
DA:73,94
DA:74,1
DA:75,1
DA:77,1
DA:81,0
DA:83,0
DA:87,0
DA:90,0
DA:98,1
DA:100,93
DA:102,93
DA:106,94
DA:107,94
DA:109,0
DA:113,95
DA:123,1
DA:124,23
DA:125,23
DA:126,23
DA:128,23
DA:129,23
DA:130,10
DA:133,23
DA:134,14
DA:135,6
DA:136,1
DA:138,6
DA:139,6
DA:142,14
DA:143,13
DA:144,13
DA:146,13
DA:147,9
DA:149,8
DA:150,8
DA:152,5
DA:153,5
DA:157,14
DA:158,1
DA:160,13
DA:164,23
DA:165,12
DA:168,23
DA:169,18
DA:170,18
DA:171,5
DA:175,1
DA:176,0
DA:179,1
DA:180,1
DA:181,1
DA:187,18
DA:190,23
LF:88
LH:81
BRDA:30,0,0,2
BRDA:30,0,1,0
BRDA:65,1,0,0
BRDA:65,1,1,93
BRDA:81,2,0,0
BRDA:81,2,1,0
BRDA:106,3,0,94
BRDA:106,3,1,0
BRDA:106,4,0,94
BRDA:106,4,1,94
BRDA:135,5,0,1
BRDA:135,5,1,5
BRDA:157,6,0,1
BRDA:157,6,1,13
BRDA:165,7,0,12
BRDA:165,7,1,3
BRDA:170,8,0,13
BRDA:170,8,1,5
BRDA:170,9,0,18
BRDA:170,9,1,15
BRDA:170,9,2,7
BRDA:175,10,0,0
BRDA:175,10,1,1
BRF:23
BRH:17
end_of_record
